
=== Tue Sep 24 21:42:03 2019

Packages were changed.
Update Mode: mergeDefaultDependencies

The following packages were added:
  com.unity.package-manager-ui@2.2.0
  com.unity.ext.nunit@1.0.0
  com.unity.test-framework@1.0.13
  com.unity.ide.vscode@1.1.0
  com.unity.ide.rider@1.1.0
  com.unity.ugui@1.0.0
  com.unity.modules.androidjni@1.0.0

=== Tue Dec 31 13:37:49 2019

Packages were changed.
Update Mode: updateDependencies

The following packages were updated:
  com.unity.ide.vscode from version 1.1.0 to 1.1.2
  com.unity.render-pipelines.high-definition from version 6.9.1-preview to 7.1.1
  com.unity.test-framework from version 1.0.13 to 1.1.3
  com.unity.timeline from version 1.1.0 to 1.2.6
The following packages were removed:
  com.unity.package-manager-ui@2.2.0

=== Tue Mar  3 09:00:50 2020

Packages were changed.
Update Mode: updateDependencies

The following packages were updated:
  com.unity.ide.rider from version 1.1.0 to 1.1.4
  com.unity.ide.vscode from version 1.1.2 to 1.1.4
  com.unity.postprocessing from version 2.1.7 to 2.3.0
  com.unity.probuilder from version 4.1.0 to 4.2.3
  com.unity.render-pipelines.universal from version 7.1.5 to 7.1.8
  com.unity.test-framework from version 1.1.3 to 1.1.11
  com.unity.timeline from version 1.2.6 to 1.2.10
  com.unity.visualeffectgraph from version 7.1.5 to 7.1.8
  com.unity.xr.oculus.standalone from version 1.38.3 to 2.38.4
  com.unity.xr.openvr.standalone from version 1.0.5 to 2.0.5
